TN:
SF:src/HatsOwned.sol
FN:50,HatsOwned.setOwnerHat
FNDA:4,HatsOwned.setOwnerHat
DA:55,4
DA:57,4
BRDA:57,0,0,2
BRDA:57,0,1,3
DA:58,4
DA:61,4
DA:65,4
DA:67,4
BRDA:67,1,0,2
BRDA:67,1,1,3
DA:68,4
DA:71,4
DA:75,4
BRDA:75,2,0,-
BRDA:75,2,1,3
DA:77,4
FN:84,HatsOwned.getHatsContract
FNDA:4,HatsOwned.getHatsContract
DA:85,4
FNF:2
FNH:2
LF:11
LH:11
BRF:6
BRH:5
end_of_record
TN:
SF:test/mocks/MockHatsOwned.sol
FN:13,MockHatsOwned.updateFlag
FNDA:14,MockHatsOwned.updateFlag
DA:14,14
FNF:1
FNH:1
LF:1
LH:1
BRF:0
BRH:0
end_of_record
