TN:
SF:src/HatsOwned.sol
FN:50,HatsOwned.setOwnerHat
FNDA:5,HatsOwned.setOwnerHat
DA:55,5
DA:57,5
BRDA:57,0,0,2
BRDA:57,0,1,4
DA:58,5
DA:61,5
DA:65,5
DA:67,5
BRDA:67,1,0,2
BRDA:67,1,1,4
DA:68,5
DA:71,5
DA:75,5
BRDA:75,2,0,1
BRDA:75,2,1,3
DA:77,5
FN:84,HatsOwned.getHatsContract
FNDA:4,HatsOwned.getHatsContract
DA:85,4
FNF:2
FNH:2
LF:11
LH:11
BRF:6
BRH:6
end_of_record
TN:
SF:test/mocks/MockHatsOwned.sol
FN:13,MockHatsOwned.updateFlag
FNDA:15,MockHatsOwned.updateFlag
DA:14,15
FNF:1
FNH:1
LF:1
LH:1
BRF:0
BRH:0
end_of_record
